[00:00:00] [Server thread/INFO]: [Cacharro7: Set own game mode to Survival Mode]
[00:00:36] [Server thread/WARN]: Mismatch in destroy block pos: class_2338{x=488, y=66, z=-633} class_2338{x=487, y=65, z=-634}
[00:00:52] [Server thread/INFO]: [Not Secure] <Cacharro7> pfff
[00:00:56] [Server thread/INFO]: [Not Secure] <Cacharro7> estaba detras de mi casa
[00:00:58] [Server thread/INFO]: [Not Secure] <ZyberXMC> xf
[00:04:02] [Server thread/INFO]: [Cacharro7: Set own game mode to Creative Mode]
[00:13:42] [Server thread/INFO]: [Cacharro7: Set own game mode to Survival Mode]
[00:15:21] [Server thread/INFO]: [Not Secure] <ZyberXMC> xff el elevador es bien peligroso
[00:15:23] [Server thread/INFO]: [Not Secure] <ZyberXMC> o bueno masomenos
[00:15:34] [Server thread/INFO]: [Not Secure] <Cacharro7> q
[00:15:34] [Server thread/INFO]: [Not Secure] <ZyberXMC> si no te sabes bajar del elevador te puedes quedar atorado
[00:15:36] [Server thread/INFO]: [Not Secure] <ZyberXMC> y te ahogas
[00:15:36] [Server thread/INFO]: [Not Secure] <Cacharro7> avr
[00:16:32] [Server thread/INFO]: [Not Secure] <Cacharro7> avr
[00:16:44] [Server thread/INFO]: [Not Secure] <ZyberXMC> XDD
[00:16:47] [Server thread/INFO]: [Not Secure] <ZyberXMC> SHIFT
[00:16:48] [Server thread/INFO]: [Not Secure] <ZyberXMC> SHIFT
[00:16:50] [Server thread/INFO]: [Not Secure] <ZyberXMC> NO ROMPAS NADA
[00:16:56] [Server thread/INFO]: [Not Secure] <Cacharro7> mf
[00:16:57] [Server thread/INFO]: [Not Secure] <ZyberXMC> shift y corres abajo
[00:17:17] [Server thread/INFO]: [Not Secure] <ZyberXMC> xff
[00:17:20] [Server thread/INFO]: [Not Secure] <Cacharro7> XD
[00:17:28] [Server thread/INFO]: [Not Secure] <ZyberXMC> told ya
[00:20:52] [Server thread/INFO]: [Cacharro7: Set own game mode to Creative Mode]
